[debug] [2018-05-10T20:03:12.236Z] ----------------------------------------------------------------------
[debug] [2018-05-10T20:03:12.238Z] Command:       /usr/local/bin/node /usr/local/bin/firebase deploy
[debug] [2018-05-10T20:03:12.238Z] CLI Version:   3.18.4
[debug] [2018-05-10T20:03:12.238Z] Platform:      darwin
[debug] [2018-05-10T20:03:12.239Z] Node Version:  v9.5.0
[debug] [2018-05-10T20:03:12.239Z] Time:          Thu May 10 2018 16:03:12 GMT-0400 (EDT)
[debug] [2018-05-10T20:03:12.239Z] ----------------------------------------------------------------------
[debug] 
[debug] [2018-05-10T20:03:12.250Z] > command requires scopes: ["email","openid","https://www.googleapis.com/auth/cloudplatformprojects.readonly","https://www.googleapis.com/auth/firebase","https://www.googleapis.com/auth/cloud-platform"]
[debug] [2018-05-10T20:03:12.250Z] > authorizing via signed-in user
[debug] [2018-05-10T20:03:12.252Z] > refreshing access token with scopes: ["email","https://www.googleapis.com/auth/cloud-platform","https://www.googleapis.com/auth/cloudplatformprojects.readonly","https://www.googleapis.com/auth/firebase","openid"]
[debug] [2018-05-10T20:03:12.253Z] >>> HTTP REQUEST POST https://www.googleapis.com/oauth2/v3/token  
 { refresh_token: '1/wg4IW0Ma1bsjJa0wPKJtJxy0DYhuXh31drFyRnO7bHFmEdBx9Eb7ZsAXFcFo8UhO',
  client_id: '563584335869-fgrhgmd47bqnekij5i8b5pr03ho849e6.apps.googleusercontent.com',
  client_secret: 'j9iVZfS8kkCEFUPaAeJV0sAi',
  grant_type: 'refresh_token',
  scope: 'email https://www.googleapis.com/auth/cloud-platform https://www.googleapis.com/auth/cloudplatformprojects.readonly https://www.googleapis.com/auth/firebase openid' } 
 Thu May 10 2018 16:03:12 GMT-0400 (EDT)
[debug] [2018-05-10T20:03:12.461Z] <<< HTTP RESPONSE 200
[debug] [2018-05-10T20:03:12.472Z] >>> HTTP REQUEST GET https://admin.firebase.com/v1/projects/swangler-69d5c  
  
 Thu May 10 2018 16:03:12 GMT-0400 (EDT)
